<?xml version="1.0" encoding="UTF-8"?>
<!-- Generated by org.testng.reporters.JUnitReportReporter -->
<testsuite hostname="LAPTOP-9FDO6FJD" failures="0" tests="1" name="org.educationit.cursoSelenium.claseTres.test.DemoTestNG" time="0.006" errors="0" timestamp="2023-12-27T11:25:10 ART" skipped="0">
  <testcase classname="org.educationit.cursoSelenium.claseTres.test.DemoTestNG" name="testSumar" time="0.006"/>
  <system-out/>
</testsuite> <!-- org.educationit.cursoSelenium.claseTres.test.DemoTestNG -->
