<?xml version="1.0" encoding="UTF-8"?>
<!-- Generated by org.testng.reporters.JUnitReportReporter -->
<testsuite hostname="LAPTOP-9FDO6FJD" failures="0" tests="2" name="org.educationitSelenium.claseTres.test.DemoTestNG" time="0.008" errors="0" timestamp="2024-03-11T16:33:34 ART" skipped="0">
  <testcase classname="org.educationitSelenium.claseTres.test.DemoTestNG" name="testRestar" time="0.008"/>
  <system-out/>
  <testcase classname="org.educationitSelenium.claseTres.test.DemoTestNG" name="testSumar" time="0.000"/>
  <system-out/>
</testsuite> <!-- org.educationitSelenium.claseTres.test.DemoTestNG -->
