<?xml version="1.0" encoding="UTF-8"?>
<!-- Generated by org.testng.reporters.JUnitReportReporter -->
<testsuite hostname="LAPTOP-9FDO6FJD" failures="0" tests="1" name="org.educationit.cursoSelenium.claseTres.DemoTestNg" time="0.006" errors="0" timestamp="2023-12-27T10:56:44 ART" skipped="0">
  <testcase classname="org.educationit.cursoSelenium.claseTres.DemoTestNg" name="testSuma" time="0.006"/>
  <system-out/>
</testsuite> <!-- org.educationit.cursoSelenium.claseTres.DemoTestNg -->
