<?xml version="1.0" encoding="UTF-8"?>
<!-- Generated by org.testng.reporters.JUnitReportReporter -->
<testsuite hostname="LAPTOP-9FDO6FJD" failures="0" tests="1" name="org.educationit.cursoSelenium.claseTres.DemoTestNg" time="0.007" errors="0" timestamp="2024-03-11T16:11:44 ART" skipped="0">
  <testcase classname="org.educationit.cursoSelenium.claseTres.DemoTestNg" name="testSuma" time="0.007"/>
  <system-out/>
</testsuite> <!-- org.educationit.cursoSelenium.claseTres.DemoTestNg -->
