<?xml version="1.0" encoding="UTF-8"?>
<!-- Generated by org.testng.reporters.JUnitReportReporter -->
<testsuite hostname="LAPTOP-9FDO6FJD" failures="0" tests="2" name="org.educationit.selenium.claseCinco.AutomationTestWithPom" time="26.233" errors="0" timestamp="2024-01-12T19:21:04 ART" skipped="0">
  <testcase classname="org.educationit.selenium.claseCinco.AutomationTestWithPom" name="testSignInvaliddEmail" time="13.320"/>
  <system-out/>
  <testcase classname="org.educationit.selenium.claseCinco.AutomationTestWithPom" name="testSignInvaliddEmail" time="12.913"/>
  <system-out/>
</testsuite> <!-- org.educationit.selenium.claseCinco.AutomationTestWithPom -->
