<?xml version="1.0" encoding="UTF-8"?>
<!-- Generated by org.testng.reporters.JUnitReportReporter -->
<testsuite hostname="LAPTOP-9FDO6FJD" failures="0" tests="1" name="org.educationit.selenium.claseCinco.AutomationTestWithPom" time="2.625" errors="0" timestamp="2024-03-12T16:49:55 ART" skipped="0">
  <testcase classname="org.educationit.selenium.claseCinco.AutomationTestWithPom" name="testTabla" time="2.625"/>
  <system-out/>
</testsuite> <!-- org.educationit.selenium.claseCinco.AutomationTestWithPom -->
