<?xml version="1.0" encoding="UTF-8"?>
<!-- Generated by org.testng.reporters.JUnitReportReporter -->
<testsuite hostname="LAPTOP-9FDO6FJD" failures="0" tests="1" name="org.educationit.selenium.claseCuatrotests.AutomationTest" time="12.335" errors="0" timestamp="2024-03-12T10:59:17 ART" skipped="0">
  <testcase classname="org.educationit.selenium.claseCuatrotests.AutomationTest" name="testMensajeError" time="12.335"/>
  <system-out/>
</testsuite> <!-- org.educationit.selenium.claseCuatrotests.AutomationTest -->
