<?xml version="1.0" encoding="UTF-8"?>
<!-- Generated by org.testng.reporters.JUnitReportReporter -->
<testsuite hostname="LAPTOP-9FDO6FJD" failures="0" tests="1" name="org.educationit.selenium.claseCuatrotests.AutomationTest" time="12.807" errors="0" timestamp="2024-01-08T10:27:29 ART" skipped="0">
  <testcase classname="org.educationit.selenium.claseCuatrotests.AutomationTest" name="testMensajeError" time="12.807"/>
  <system-out/>
</testsuite> <!-- org.educationit.selenium.claseCuatrotests.AutomationTest -->
